{"total": {"lines":{"total":114,"covered":113,"skipped":0,"pct":99.12},"statements":{"total":114,"covered":113,"skipped":0,"pct":99.12},"functions":{"total":9,"covered":9,"skipped":0,"pct":100},"branches":{"total":21,"covered":14,"skipped":0,"pct":66.66},"branchesTrue":{"total":0,"covered":0,"skipped":0,"pct":"Unknown"}}
,"C:\\Users\\Marcel\\Downloads\\shadowgrid\\apps\\web\\src\\components.tsx": {"lines":{"total":101,"covered":100,"skipped":0,"pct":99},"functions":{"total":6,"covered":6,"skipped":0,"pct":100},"statements":{"total":101,"covered":100,"skipped":0,"pct":99},"branches":{"total":18,"covered":11,"skipped":0,"pct":61.11}}
,"C:\\Users\\Marcel\\Downloads\\shadowgrid\\apps\\web\\src\\format.ts": {"lines":{"total":13,"covered":13,"skipped":0,"pct":100},"functions":{"total":3,"covered":3,"skipped":0,"pct":100},"statements":{"total":13,"covered":13,"skipped":0,"pct":100},"branches":{"total":3,"covered":3,"skipped":0,"pct":100}}
}
